2017-12-21 17:40:42_6501926142977507853:
Traceback (most recent call last):
  File "c:\SharedSpace\toutiaohao\essay_fetch.py", line 79, in fetchGallerys
    if re.match(r'^gallery: JSON.parse(".*$', i):
  File "C:\MyUtils\Python35\lib\re.py", line 163, in match
    return _compile(pattern, flags).match(string)
  File "C:\MyUtils\Python35\lib\re.py", line 293, in _compile
    p = sre_compile.compile(pattern, flags)
  File "C:\MyUtils\Python35\lib\sre_compile.py", line 536, in compile
    p = sre_parse.parse(p, flags)
  File "C:\MyUtils\Python35\lib\sre_parse.py", line 829, in parse
    p = _parse_sub(source, pattern, 0)
  File "C:\MyUtils\Python35\lib\sre_parse.py", line 437, in _parse_sub
    itemsappend(_parse(source, state))
  File "C:\MyUtils\Python35\lib\sre_parse.py", line 781, in _parse
    source.tell() - start)
sre_constants.error: missing ), unterminated subpattern at position 20
------------------------------------------

2017-12-21 17:40:46_6501565648047440398:
Traceback (most recent call last):
  File "c:\SharedSpace\toutiaohao\essay_fetch.py", line 79, in fetchGallerys
    if re.match(r'^gallery: JSON.parse(".*$', i):
  File "C:\MyUtils\Python35\lib\re.py", line 163, in match
    return _compile(pattern, flags).match(string)
  File "C:\MyUtils\Python35\lib\re.py", line 293, in _compile
    p = sre_compile.compile(pattern, flags)
  File "C:\MyUtils\Python35\lib\sre_compile.py", line 536, in compile
    p = sre_parse.parse(p, flags)
  File "C:\MyUtils\Python35\lib\sre_parse.py", line 829, in parse
    p = _parse_sub(source, pattern, 0)
  File "C:\MyUtils\Python35\lib\sre_parse.py", line 437, in _parse_sub
    itemsappend(_parse(source, state))
  File "C:\MyUtils\Python35\lib\sre_parse.py", line 781, in _parse
    source.tell() - start)
sre_constants.error: missing ), unterminated subpattern at position 20
------------------------------------------

2017-12-21 17:40:49_6501564884205961741:
Traceback (most recent call last):
  File "c:\SharedSpace\toutiaohao\essay_fetch.py", line 79, in fetchGallerys
    if re.match(r'^gallery: JSON.parse(".*$', i):
  File "C:\MyUtils\Python35\lib\re.py", line 163, in match
    return _compile(pattern, flags).match(string)
  File "C:\MyUtils\Python35\lib\re.py", line 293, in _compile
    p = sre_compile.compile(pattern, flags)
  File "C:\MyUtils\Python35\lib\sre_compile.py", line 536, in compile
    p = sre_parse.parse(p, flags)
  File "C:\MyUtils\Python35\lib\sre_parse.py", line 829, in parse
    p = _parse_sub(source, pattern, 0)
  File "C:\MyUtils\Python35\lib\sre_parse.py", line 437, in _parse_sub
    itemsappend(_parse(source, state))
  File "C:\MyUtils\Python35\lib\sre_parse.py", line 781, in _parse
    source.tell() - start)
sre_constants.error: missing ), unterminated subpattern at position 20
------------------------------------------

2017-12-21 17:40:52_6501190068995097102:
Traceback (most recent call last):
  File "c:\SharedSpace\toutiaohao\essay_fetch.py", line 79, in fetchGallerys
    if re.match(r'^gallery: JSON.parse(".*$', i):
  File "C:\MyUtils\Python35\lib\re.py", line 163, in match
    return _compile(pattern, flags).match(string)
  File "C:\MyUtils\Python35\lib\re.py", line 293, in _compile
    p = sre_compile.compile(pattern, flags)
  File "C:\MyUtils\Python35\lib\sre_compile.py", line 536, in compile
    p = sre_parse.parse(p, flags)
  File "C:\MyUtils\Python35\lib\sre_parse.py", line 829, in parse
    p = _parse_sub(source, pattern, 0)
  File "C:\MyUtils\Python35\lib\sre_parse.py", line 437, in _parse_sub
    itemsappend(_parse(source, state))
  File "C:\MyUtils\Python35\lib\sre_parse.py", line 781, in _parse
    source.tell() - start)
sre_constants.error: missing ), unterminated subpattern at position 20
------------------------------------------

2017-12-21 17:40:56_6501565351858274829:
Traceback (most recent call last):
  File "c:\SharedSpace\toutiaohao\essay_fetch.py", line 79, in fetchGallerys
    if re.match(r'^gallery: JSON.parse(".*$', i):
  File "C:\MyUtils\Python35\lib\re.py", line 163, in match
    return _compile(pattern, flags).match(string)
  File "C:\MyUtils\Python35\lib\re.py", line 293, in _compile
    p = sre_compile.compile(pattern, flags)
  File "C:\MyUtils\Python35\lib\sre_compile.py", line 536, in compile
    p = sre_parse.parse(p, flags)
  File "C:\MyUtils\Python35\lib\sre_parse.py", line 829, in parse
    p = _parse_sub(source, pattern, 0)
  File "C:\MyUtils\Python35\lib\sre_parse.py", line 437, in _parse_sub
    itemsappend(_parse(source, state))
  File "C:\MyUtils\Python35\lib\sre_parse.py", line 781, in _parse
    source.tell() - start)
sre_constants.error: missing ), unterminated subpattern at position 20
------------------------------------------

2017-12-21 17:43:31_6501926142977507853:
Traceback (most recent call last):
  File "c:\SharedSpace\toutiaohao\essay_fetch.py", line 79, in fetchGallerys
    if re.match(r'^gallery: JSON\.parse(".*$', i):
  File "C:\MyUtils\Python35\lib\re.py", line 163, in match
    return _compile(pattern, flags).match(string)
  File "C:\MyUtils\Python35\lib\re.py", line 293, in _compile
    p = sre_compile.compile(pattern, flags)
  File "C:\MyUtils\Python35\lib\sre_compile.py", line 536, in compile
    p = sre_parse.parse(p, flags)
  File "C:\MyUtils\Python35\lib\sre_parse.py", line 829, in parse
    p = _parse_sub(source, pattern, 0)
  File "C:\MyUtils\Python35\lib\sre_parse.py", line 437, in _parse_sub
    itemsappend(_parse(source, state))
  File "C:\MyUtils\Python35\lib\sre_parse.py", line 781, in _parse
    source.tell() - start)
sre_constants.error: missing ), unterminated subpattern at position 21
------------------------------------------

2017-12-21 17:43:35_6501564884205961741:
Traceback (most recent call last):
  File "c:\SharedSpace\toutiaohao\essay_fetch.py", line 79, in fetchGallerys
    if re.match(r'^gallery: JSON\.parse(".*$', i):
  File "C:\MyUtils\Python35\lib\re.py", line 163, in match
    return _compile(pattern, flags).match(string)
  File "C:\MyUtils\Python35\lib\re.py", line 293, in _compile
    p = sre_compile.compile(pattern, flags)
  File "C:\MyUtils\Python35\lib\sre_compile.py", line 536, in compile
    p = sre_parse.parse(p, flags)
  File "C:\MyUtils\Python35\lib\sre_parse.py", line 829, in parse
    p = _parse_sub(source, pattern, 0)
  File "C:\MyUtils\Python35\lib\sre_parse.py", line 437, in _parse_sub
    itemsappend(_parse(source, state))
  File "C:\MyUtils\Python35\lib\sre_parse.py", line 781, in _parse
    source.tell() - start)
sre_constants.error: missing ), unterminated subpattern at position 21
------------------------------------------

2017-12-21 17:43:38_6501565648047440398:
Traceback (most recent call last):
  File "c:\SharedSpace\toutiaohao\essay_fetch.py", line 79, in fetchGallerys
    if re.match(r'^gallery: JSON\.parse(".*$', i):
  File "C:\MyUtils\Python35\lib\re.py", line 163, in match
    return _compile(pattern, flags).match(string)
  File "C:\MyUtils\Python35\lib\re.py", line 293, in _compile
    p = sre_compile.compile(pattern, flags)
  File "C:\MyUtils\Python35\lib\sre_compile.py", line 536, in compile
    p = sre_parse.parse(p, flags)
  File "C:\MyUtils\Python35\lib\sre_parse.py", line 829, in parse
    p = _parse_sub(source, pattern, 0)
  File "C:\MyUtils\Python35\lib\sre_parse.py", line 437, in _parse_sub
    itemsappend(_parse(source, state))
  File "C:\MyUtils\Python35\lib\sre_parse.py", line 781, in _parse
    source.tell() - start)
sre_constants.error: missing ), unterminated subpattern at position 21
------------------------------------------

2017-12-21 17:44:47_6501926142977507853:
Traceback (most recent call last):
  File "c:\SharedSpace\toutiaohao\essay_fetch.py", line 84, in fetchGallerys
    info_json=info[info.index('{'):info.rindex('}')+1]
ValueError: substring not found
------------------------------------------

2017-12-21 17:44:51_6501190068995097102:
Traceback (most recent call last):
  File "c:\SharedSpace\toutiaohao\essay_fetch.py", line 84, in fetchGallerys
    info_json=info[info.index('{'):info.rindex('}')+1]
ValueError: substring not found
------------------------------------------

2017-12-21 17:44:54_6501564884205961741:
Traceback (most recent call last):
  File "c:\SharedSpace\toutiaohao\essay_fetch.py", line 84, in fetchGallerys
    info_json=info[info.index('{'):info.rindex('}')+1]
ValueError: substring not found
------------------------------------------

2017-12-21 17:44:57_6501565351858274829:
Traceback (most recent call last):
  File "c:\SharedSpace\toutiaohao\essay_fetch.py", line 84, in fetchGallerys
    info_json=info[info.index('{'):info.rindex('}')+1]
ValueError: substring not found
------------------------------------------

2017-12-21 17:45:00_6501565648047440398:
Traceback (most recent call last):
  File "c:\SharedSpace\toutiaohao\essay_fetch.py", line 84, in fetchGallerys
    info_json=info[info.index('{'):info.rindex('}')+1]
ValueError: substring not found
------------------------------------------

2017-12-21 18:05:30_6501926142977507853:
Traceback (most recent call last):
  File "c:\SharedSpace\toutiaohao\essay_fetch.py", line 87, in fetchGallerys
    gallery_info = json.loads(info_spl)
NameError: name 'info_spl' is not defined
------------------------------------------

2017-12-21 18:05:33_6501565648047440398:
Traceback (most recent call last):
  File "c:\SharedSpace\toutiaohao\essay_fetch.py", line 87, in fetchGallerys
    gallery_info = json.loads(info_spl)
NameError: name 'info_spl' is not defined
------------------------------------------

2017-12-21 18:06:25_6501926142977507853:
Traceback (most recent call last):
  File "c:\SharedSpace\toutiaohao\essay_fetch.py", line 87, in fetchGallerys
    gallery_info = json.loads(info_json)
  File "C:\MyUtils\Python35\lib\json\__init__.py", line 319, in loads
    return _default_decoder.decode(s)
  File "C:\MyUtils\Python35\lib\json\decoder.py", line 339, in decode
    obj, end = self.raw_decode(s, idx=_w(s, 0).end())
  File "C:\MyUtils\Python35\lib\json\decoder.py", line 355, in raw_decode
    obj, end = self.scan_once(s, idx)
json.decoder.JSONDecodeError: Expecting property name enclosed in double quotes: line 1 column 2 (char 1)
------------------------------------------

2017-12-21 18:06:29_6501565648047440398:
Traceback (most recent call last):
  File "c:\SharedSpace\toutiaohao\essay_fetch.py", line 87, in fetchGallerys
    gallery_info = json.loads(info_json)
  File "C:\MyUtils\Python35\lib\json\__init__.py", line 319, in loads
    return _default_decoder.decode(s)
  File "C:\MyUtils\Python35\lib\json\decoder.py", line 339, in decode
    obj, end = self.raw_decode(s, idx=_w(s, 0).end())
  File "C:\MyUtils\Python35\lib\json\decoder.py", line 355, in raw_decode
    obj, end = self.scan_once(s, idx)
json.decoder.JSONDecodeError: Expecting property name enclosed in double quotes: line 1 column 2 (char 1)
------------------------------------------

2017-12-21 18:06:32_6501565351858274829:
Traceback (most recent call last):
  File "c:\SharedSpace\toutiaohao\essay_fetch.py", line 87, in fetchGallerys
    gallery_info = json.loads(info_json)
  File "C:\MyUtils\Python35\lib\json\__init__.py", line 319, in loads
    return _default_decoder.decode(s)
  File "C:\MyUtils\Python35\lib\json\decoder.py", line 339, in decode
    obj, end = self.raw_decode(s, idx=_w(s, 0).end())
  File "C:\MyUtils\Python35\lib\json\decoder.py", line 355, in raw_decode
    obj, end = self.scan_once(s, idx)
json.decoder.JSONDecodeError: Expecting property name enclosed in double quotes: line 1 column 2 (char 1)
------------------------------------------

2017-12-21 18:30:24_6501926142977507853:
Traceback (most recent call last):
  File "c:\SharedSpace\toutiaohao\essay_fetch.py", line 89, in fetchGallerys
    gallery_info = json.loads(info_json)
  File "C:\MyUtils\Python35\lib\json\__init__.py", line 319, in loads
    return _default_decoder.decode(s)
  File "C:\MyUtils\Python35\lib\json\decoder.py", line 339, in decode
    obj, end = self.raw_decode(s, idx=_w(s, 0).end())
  File "C:\MyUtils\Python35\lib\json\decoder.py", line 355, in raw_decode
    obj, end = self.scan_once(s, idx)
json.decoder.JSONDecodeError: Expecting property name enclosed in double quotes: line 1 column 2 (char 1)
------------------------------------------

2017-12-21 18:30:27_6501565351858274829:
Traceback (most recent call last):
  File "c:\SharedSpace\toutiaohao\essay_fetch.py", line 89, in fetchGallerys
    gallery_info = json.loads(info_json)
  File "C:\MyUtils\Python35\lib\json\__init__.py", line 319, in loads
    return _default_decoder.decode(s)
  File "C:\MyUtils\Python35\lib\json\decoder.py", line 339, in decode
    obj, end = self.raw_decode(s, idx=_w(s, 0).end())
  File "C:\MyUtils\Python35\lib\json\decoder.py", line 355, in raw_decode
    obj, end = self.scan_once(s, idx)
json.decoder.JSONDecodeError: Expecting property name enclosed in double quotes: line 1 column 2 (char 1)
------------------------------------------

2017-12-21 18:30:30_6501565648047440398:
Traceback (most recent call last):
  File "c:\SharedSpace\toutiaohao\essay_fetch.py", line 89, in fetchGallerys
    gallery_info = json.loads(info_json)
  File "C:\MyUtils\Python35\lib\json\__init__.py", line 319, in loads
    return _default_decoder.decode(s)
  File "C:\MyUtils\Python35\lib\json\decoder.py", line 339, in decode
    obj, end = self.raw_decode(s, idx=_w(s, 0).end())
  File "C:\MyUtils\Python35\lib\json\decoder.py", line 355, in raw_decode
    obj, end = self.scan_once(s, idx)
json.decoder.JSONDecodeError: Expecting property name enclosed in double quotes: line 1 column 2 (char 1)
------------------------------------------

2017-12-21 18:32:14_6501926142977507853:
Traceback (most recent call last):
  File "c:\SharedSpace\toutiaohao\essay_fetch.py", line 89, in fetchGallerys
    gallery_info = json.loads(info_json)
  File "C:\MyUtils\Python35\lib\json\__init__.py", line 319, in loads
    return _default_decoder.decode(s)
  File "C:\MyUtils\Python35\lib\json\decoder.py", line 339, in decode
    obj, end = self.raw_decode(s, idx=_w(s, 0).end())
  File "C:\MyUtils\Python35\lib\json\decoder.py", line 355, in raw_decode
    obj, end = self.scan_once(s, idx)
json.decoder.JSONDecodeError: Expecting property name enclosed in double quotes: line 1 column 2 (char 1)
------------------------------------------

2017-12-21 18:32:18_6501565648047440398:
Traceback (most recent call last):
  File "c:\SharedSpace\toutiaohao\essay_fetch.py", line 89, in fetchGallerys
    gallery_info = json.loads(info_json)
  File "C:\MyUtils\Python35\lib\json\__init__.py", line 319, in loads
    return _default_decoder.decode(s)
  File "C:\MyUtils\Python35\lib\json\decoder.py", line 339, in decode
    obj, end = self.raw_decode(s, idx=_w(s, 0).end())
  File "C:\MyUtils\Python35\lib\json\decoder.py", line 355, in raw_decode
    obj, end = self.scan_once(s, idx)
json.decoder.JSONDecodeError: Expecting property name enclosed in double quotes: line 1 column 2 (char 1)
------------------------------------------

2017-12-21 18:33:05_6501926142977507853:
Traceback (most recent call last):
  File "c:\SharedSpace\toutiaohao\essay_fetch.py", line 89, in fetchGallerys
    gallery_info = json.loads(info_json)
  File "C:\MyUtils\Python35\lib\json\__init__.py", line 319, in loads
    return _default_decoder.decode(s)
  File "C:\MyUtils\Python35\lib\json\decoder.py", line 339, in decode
    obj, end = self.raw_decode(s, idx=_w(s, 0).end())
  File "C:\MyUtils\Python35\lib\json\decoder.py", line 355, in raw_decode
    obj, end = self.scan_once(s, idx)
json.decoder.JSONDecodeError: Expecting property name enclosed in double quotes: line 1 column 2 (char 1)
------------------------------------------

2017-12-21 18:33:08_6501565648047440398:
Traceback (most recent call last):
  File "c:\SharedSpace\toutiaohao\essay_fetch.py", line 76, in fetchGallerys
    user_info = _len[0].replace(' ', '').split('\n')
IndexError: list index out of range
------------------------------------------

2017-12-21 18:33:11_6501565351858274829:
Traceback (most recent call last):
  File "c:\SharedSpace\toutiaohao\essay_fetch.py", line 89, in fetchGallerys
    gallery_info = json.loads(info_json)
  File "C:\MyUtils\Python35\lib\json\__init__.py", line 319, in loads
    return _default_decoder.decode(s)
  File "C:\MyUtils\Python35\lib\json\decoder.py", line 339, in decode
    obj, end = self.raw_decode(s, idx=_w(s, 0).end())
  File "C:\MyUtils\Python35\lib\json\decoder.py", line 355, in raw_decode
    obj, end = self.scan_once(s, idx)
json.decoder.JSONDecodeError: Expecting property name enclosed in double quotes: line 1 column 2 (char 1)
------------------------------------------

2017-12-21 18:34:01_6501565648047440398:
Traceback (most recent call last):
  File "c:\SharedSpace\toutiaohao\essay_fetch.py", line 89, in fetchGallerys
    gallery_info = json.loads(str(info_json))
  File "C:\MyUtils\Python35\lib\json\__init__.py", line 319, in loads
    return _default_decoder.decode(s)
  File "C:\MyUtils\Python35\lib\json\decoder.py", line 339, in decode
    obj, end = self.raw_decode(s, idx=_w(s, 0).end())
  File "C:\MyUtils\Python35\lib\json\decoder.py", line 355, in raw_decode
    obj, end = self.scan_once(s, idx)
json.decoder.JSONDecodeError: Expecting ',' delimiter: line 1 column 4919 (char 4918)
------------------------------------------

2017-12-21 18:34:10_6501565648047440398:
Traceback (most recent call last):
  File "c:\SharedSpace\toutiaohao\essay_fetch.py", line 89, in fetchGallerys
    gallery_info = json.loads(str(info_json))
  File "C:\MyUtils\Python35\lib\json\__init__.py", line 319, in loads
    return _default_decoder.decode(s)
  File "C:\MyUtils\Python35\lib\json\decoder.py", line 339, in decode
    obj, end = self.raw_decode(s, idx=_w(s, 0).end())
  File "C:\MyUtils\Python35\lib\json\decoder.py", line 355, in raw_decode
    obj, end = self.scan_once(s, idx)
json.decoder.JSONDecodeError: Expecting ',' delimiter: line 1 column 4919 (char 4918)
------------------------------------------

2017-12-21 18:37:23_6501565648047440398:
Traceback (most recent call last):
  File "c:\SharedSpace\toutiaohao\essay_fetch.py", line 89, in fetchGallerys
    gallery_info = json.loads(str(info_json))
  File "C:\MyUtils\Python35\lib\json\__init__.py", line 319, in loads
    return _default_decoder.decode(s)
  File "C:\MyUtils\Python35\lib\json\decoder.py", line 339, in decode
    obj, end = self.raw_decode(s, idx=_w(s, 0).end())
  File "C:\MyUtils\Python35\lib\json\decoder.py", line 355, in raw_decode
    obj, end = self.scan_once(s, idx)
json.decoder.JSONDecodeError: Expecting ',' delimiter: line 1 column 4063 (char 4062)
------------------------------------------

2017-12-22 15:55:41_6486406190141014542:
Traceback (most recent call last):
  File "/mnt/hgfs/SharedSpace/toutiaohao/essay_fetch.py", line 76, in fetchGallerys
    user_info = _len[0].replace(' ', '').split('\n')
IndexError: list index out of range
------------------------------------------

